code/app/build/intermediates/manifest_merge_blame_file/debug/processDebugMainManifest/manifest-merger-blame-debug-report.txt
1<?xml version="1.0" encoding="utf-8"?>
2<manifest xmlns:android="http://schemas.android.com/apk/res/android"
3    package="com.example.myapplication"
4    android:versionCode="1"
5    android:versionName="1.0" >
6
7    <uses-sdk
8        android:minSdkVersion="24"
9        android:targetSdkVersion="34" />
10
11    <uses-permission android:name="android.permission.POST_NOTIFICATIONS" />
11-->src/main/AndroidManifest.xml:5:5-77
11-->src/main/AndroidManifest.xml:5:22-74
12    <uses-permission android:name="android.permission.CAMERA" />
12-->src/main/AndroidManifest.xml:6:5-65
12-->src/main/AndroidManifest.xml:6:22-62
13    <uses-permission android:name="android.permission.INTERNET" />
13-->src/main/AndroidManifest.xml:7:5-67
13-->src/main/AndroidManifest.xml:7:22-64
14
15    <uses-feature
15-->src/main/AndroidManifest.xml:8:5-88
16        android:name="android.hardware.camera.any"
16-->src/main/AndroidManifest.xml:8:19-61
17        android:required="true" />
17-->src/main/AndroidManifest.xml:8:62-85
18
19    <uses-permission android:name="android.permission.ACCESS_FINE_LOCATION" />
19-->src/main/AndroidManifest.xml:9:5-79
19-->src/main/AndroidManifest.xml:9:22-76
20    <uses-permission android:name="android.permission.ACCESS_COARSE_LOCATION" />
20-->src/main/AndroidManifest.xml:10:5-81
20-->src/main/AndroidManifest.xml:10:22-78
21
22    <!-- Include required permissions for Google Maps API to run. -->
23    <uses-permission android:name="android.permission.ACCESS_NETWORK_STATE" />
23-->[com.google.android.gms:play-services-maps:18.1.0] AndroidManifest.xml:23:5-79
23-->[com.google.android.gms:play-services-maps:18.1.0] AndroidManifest.xml:23:22-76
24
25    <uses-feature
25-->[com.google.android.gms:play-services-maps:18.1.0] AndroidManifest.xml:26:5-28:35
26        android:glEsVersion="0x00020000"
26-->[com.google.android.gms:play-services-maps:18.1.0] AndroidManifest.xml:27:9-41
27        android:required="true" />
27-->[com.google.android.gms:play-services-maps:18.1.0] AndroidManifest.xml:28:9-32
28
29    <queries>
29-->[com.google.android.gms:play-services-maps:18.1.0] AndroidManifest.xml:30:5-34:15
30
31        <!-- Needs to be explicitly declared on Android R+ -->
32        <package android:name="com.google.android.apps.maps" />
32-->[com.google.android.gms:play-services-maps:18.1.0] AndroidManifest.xml:33:9-64
32-->[com.google.android.gms:play-services-maps:18.1.0] AndroidManifest.xml:33:18-61
33    </queries>
34
35    <permission
35-->[androidx.core:core:1.13.0] AndroidManifest.xml:22:5-24:47
36        android:name="com.example.myapplication.DYNAMIC_RECEIVER_NOT_EXPORTED_PERMISSION"
36-->[androidx.core:core:1.13.0] AndroidManifest.xml:23:9-81
37        android:protectionLevel="signature" />
37-->[androidx.core:core:1.13.0] AndroidManifest.xml:24:9-44
38
39    <uses-permission android:name="com.example.myapplication.DYNAMIC_RECEIVER_NOT_EXPORTED_PERMISSION" /> <!-- Don't require camera, as this requires a rear camera. This allows it to work on the Nexus 7 -->
39-->[androidx.core:core:1.13.0] AndroidManifest.xml:26:5-97
39-->[androidx.core:core:1.13.0] AndroidManifest.xml:26:22-94
40    <uses-feature
40-->[com.journeyapps:zxing-android-embedded:4.3.0] AndroidManifest.xml:25:5-27:36
41        android:name="android.hardware.camera"
41-->[com.journeyapps:zxing-android-embedded:4.3.0] AndroidManifest.xml:26:9-47
42        android:required="false" />
42-->[com.journeyapps:zxing-android-embedded:4.3.0] AndroidManifest.xml:27:9-33
43    <uses-feature
43-->[com.journeyapps:zxing-android-embedded:4.3.0] AndroidManifest.xml:28:5-30:36
44        android:name="android.hardware.camera.front"
44-->[com.journeyapps:zxing-android-embedded:4.3.0] AndroidManifest.xml:29:9-53
45        android:required="false" /> <!-- TODO replace above two with next line after Android 4.2 -->
45-->[com.journeyapps:zxing-android-embedded:4.3.0] AndroidManifest.xml:30:9-33
46    <!-- <uses-feature android:name="android.hardware.camera.any"/> -->
47    <uses-feature
47-->[com.journeyapps:zxing-android-embedded:4.3.0] AndroidManifest.xml:33:5-35:36
48        android:name="android.hardware.camera.autofocus"
48-->[com.journeyapps:zxing-android-embedded:4.3.0] AndroidManifest.xml:34:9-57
49        android:required="false" />
49-->[com.journeyapps:zxing-android-embedded:4.3.0] AndroidManifest.xml:35:9-33
50    <uses-feature
50-->[com.journeyapps:zxing-android-embedded:4.3.0] AndroidManifest.xml:36:5-38:36
51        android:name="android.hardware.camera.flash"
51-->[com.journeyapps:zxing-android-embedded:4.3.0] AndroidManifest.xml:37:9-53
52        android:required="false" />
52-->[com.journeyapps:zxing-android-embedded:4.3.0] AndroidManifest.xml:38:9-33
53    <uses-feature
53-->[com.journeyapps:zxing-android-embedded:4.3.0] AndroidManifest.xml:39:5-41:36
54        android:name="android.hardware.screen.landscape"
54-->[com.journeyapps:zxing-android-embedded:4.3.0] AndroidManifest.xml:40:9-57
55        android:required="false" />
55-->[com.journeyapps:zxing-android-embedded:4.3.0] AndroidManifest.xml:41:9-33
56    <uses-feature
56-->[com.journeyapps:zxing-android-embedded:4.3.0] AndroidManifest.xml:42:5-44:36
57        android:name="android.hardware.wifi"
57-->[com.journeyapps:zxing-android-embedded:4.3.0] AndroidManifest.xml:43:9-45
58        android:required="false" />
58-->[com.journeyapps:zxing-android-embedded:4.3.0] AndroidManifest.xml:44:9-33
59
60    <application
60-->src/main/AndroidManifest.xml:12:5-44:19
61        android:allowBackup="true"
61-->src/main/AndroidManifest.xml:13:9-35
62        android:appComponentFactory="androidx.core.app.CoreComponentFactory"
62-->[androidx.core:core:1.13.0] AndroidManifest.xml:28:18-86
63        android:dataExtractionRules="@xml/data_extraction_rules"
63-->src/main/AndroidManifest.xml:14:9-65
64        android:debuggable="true"
65        android:extractNativeLibs="false"
66        android:fullBackupContent="@xml/backup_rules"
66-->src/main/AndroidManifest.xml:15:9-54
67        android:icon="@mipmap/ic_launcher"
67-->src/main/AndroidManifest.xml:16:9-43
68        android:label="@string/app_name"
68-->src/main/AndroidManifest.xml:17:9-41
69        android:roundIcon="@mipmap/ic_launcher_round"
69-->src/main/AndroidManifest.xml:18:9-54
70        android:supportsRtl="true"
70-->src/main/AndroidManifest.xml:19:9-35
71        android:testOnly="true"
72        android:theme="@style/Theme.MyApplication" >
72-->src/main/AndroidManifest.xml:20:9-51
73        <meta-data
73-->src/main/AndroidManifest.xml:23:9-25:55
74            android:name="com.google.android.geo.API_KEY"
74-->src/main/AndroidManifest.xml:24:13-58
75            android:value="YOUR_GOOGLE_MAPS_API_KEY" />
75-->src/main/AndroidManifest.xml:25:13-53
76
77        <activity android:name="com.example.myapplication.MainActivity" />
77-->src/main/AndroidManifest.xml:28:9-49
77-->src/main/AndroidManifest.xml:28:19-47
78        <activity android:name="com.example.myapplication.CreateEventActivity" />
78-->src/main/AndroidManifest.xml:30:9-57
78-->src/main/AndroidManifest.xml:30:19-54
79        <activity android:name="com.example.myapplication.OrganizerProfileActivity" />
79-->src/main/AndroidManifest.xml:32:9-62
79-->src/main/AndroidManifest.xml:32:19-59
80        <activity android:name="com.example.myapplication.ManageNotificationGroupsActivity" />
80-->src/main/AndroidManifest.xml:33:9-70
80-->src/main/AndroidManifest.xml:33:19-67
81        <activity android:name="com.example.myapplication.GroupEntrantsActivity" />
81-->src/main/AndroidManifest.xml:34:9-59
81-->src/main/AndroidManifest.xml:34:19-56
82        <activity android:name="com.example.myapplication.NotificationActivity" />
82-->src/main/AndroidManifest.xml:35:9-58
82-->src/main/AndroidManifest.xml:35:19-55
83        <activity
83-->src/main/AndroidManifest.xml:36:9-43:20
84            android:name="com.example.myapplication.OrgHomePageActivity"
84-->src/main/AndroidManifest.xml:37:13-48
85            android:exported="true" >
85-->src/main/AndroidManifest.xml:38:13-36
86            <intent-filter>
86-->src/main/AndroidManifest.xml:39:13-42:29
87                <action android:name="android.intent.action.MAIN" />
87-->src/main/AndroidManifest.xml:40:17-69
87-->src/main/AndroidManifest.xml:40:25-66
88
89                <category android:name="android.intent.category.LAUNCHER" />
89-->src/main/AndroidManifest.xml:41:17-77
89-->src/main/AndroidManifest.xml:41:27-74
90            </intent-filter>
91        </activity>
92        <!-- Needs to be explicitly declared on P+ -->
93        <uses-library
93-->[com.google.android.gms:play-services-maps:18.1.0] AndroidManifest.xml:39:9-41:40
94            android:name="org.apache.http.legacy"
94-->[com.google.android.gms:play-services-maps:18.1.0] AndroidManifest.xml:40:13-50
95            android:required="false" />
95-->[com.google.android.gms:play-services-maps:18.1.0] AndroidManifest.xml:41:13-37
96
97        <service
97-->[com.google.firebase:firebase-firestore:25.1.1] AndroidManifest.xml:14:9-23:19
98            android:name="com.google.firebase.components.ComponentDiscoveryService"
98-->[com.google.firebase:firebase-firestore:25.1.1] AndroidManifest.xml:15:13-84
99            android:directBootAware="true"
99-->[com.google.firebase:firebase-common:21.0.0] AndroidManifest.xml:32:13-43
100            android:exported="false" >
100-->[com.google.firebase:firebase-firestore:25.1.1] AndroidManifest.xml:16:13-37
101            <meta-data
101-->[com.google.firebase:firebase-firestore:25.1.1] AndroidManifest.xml:17:13-19:85
102                android:name="com.google.firebase.components:com.google.firebase.firestore.FirebaseFirestoreKtxRegistrar"
102-->[com.google.firebase:firebase-firestore:25.1.1] AndroidManifest.xml:18:17-122
103                android:value="com.google.firebase.components.ComponentRegistrar" />
103-->[com.google.firebase:firebase-firestore:25.1.1] AndroidManifest.xml:19:17-82
104            <meta-data
104-->[com.google.firebase:firebase-firestore:25.1.1] AndroidManifest.xml:20:13-22:85
105                android:name="com.google.firebase.components:com.google.firebase.firestore.FirestoreRegistrar"
105-->[com.google.firebase:firebase-firestore:25.1.1] AndroidManifest.xml:21:17-111
106                android:value="com.google.firebase.components.ComponentRegistrar" />
106-->[com.google.firebase:firebase-firestore:25.1.1] AndroidManifest.xml:22:17-82
107            <meta-data
107-->[com.google.firebase:firebase-storage:21.0.1] AndroidManifest.xml:30:13-32:85
108                android:name="com.google.firebase.components:com.google.firebase.storage.FirebaseStorageKtxRegistrar"
108-->[com.google.firebase:firebase-storage:21.0.1] AndroidManifest.xml:31:17-118
109                android:value="com.google.firebase.components.ComponentRegistrar" />
109-->[com.google.firebase:firebase-storage:21.0.1] AndroidManifest.xml:32:17-82
110            <meta-data
110-->[com.google.firebase:firebase-storage:21.0.1] AndroidManifest.xml:33:13-35:85
111                android:name="com.google.firebase.components:com.google.firebase.storage.StorageRegistrar"
111-->[com.google.firebase:firebase-storage:21.0.1] AndroidManifest.xml:34:17-107
112                android:value="com.google.firebase.components.ComponentRegistrar" />
112-->[com.google.firebase:firebase-storage:21.0.1] AndroidManifest.xml:35:17-82
113            <meta-data
113-->[com.google.firebase:firebase-appcheck:17.1.0] AndroidManifest.xml:25:13-27:85
114                android:name="com.google.firebase.components:com.google.firebase.appcheck.FirebaseAppCheckKtxRegistrar"
114-->[com.google.firebase:firebase-appcheck:17.1.0] AndroidManifest.xml:26:17-120
115                android:value="com.google.firebase.components.ComponentRegistrar" />
115-->[com.google.firebase:firebase-appcheck:17.1.0] AndroidManifest.xml:27:17-82
116            <meta-data
116-->[com.google.firebase:firebase-appcheck:17.1.0] AndroidManifest.xml:28:13-30:85
117                android:name="com.google.firebase.components:com.google.firebase.appcheck.FirebaseAppCheckRegistrar"
117-->[com.google.firebase:firebase-appcheck:17.1.0] AndroidManifest.xml:29:17-117
118                android:value="com.google.firebase.components.ComponentRegistrar" />
118-->[com.google.firebase:firebase-appcheck:17.1.0] AndroidManifest.xml:30:17-82
119            <meta-data
119-->[com.google.firebase:firebase-common-ktx:21.0.0] AndroidManifest.xml:12:13-14:85
120                android:name="com.google.firebase.components:com.google.firebase.ktx.FirebaseCommonLegacyRegistrar"
120-->[com.google.firebase:firebase-common-ktx:21.0.0] AndroidManifest.xml:13:17-116
121                android:value="com.google.firebase.components.ComponentRegistrar" />
121-->[com.google.firebase:firebase-common-ktx:21.0.0] AndroidManifest.xml:14:17-82
122            <meta-data
122-->[com.google.firebase:firebase-common:21.0.0] AndroidManifest.xml:35:13-37:85
123                android:name="com.google.firebase.components:com.google.firebase.FirebaseCommonKtxRegistrar"
123-->[com.google.firebase:firebase-common:21.0.0] AndroidManifest.xml:36:17-109
124                android:value="com.google.firebase.components.ComponentRegistrar" />
124-->[com.google.firebase:firebase-common:21.0.0] AndroidManifest.xml:37:17-82
125        </service>
126        <service
126-->[com.google.android.gms:play-services-mlkit-barcode-scanning:18.1.0] AndroidManifest.xml:9:9-15:19
127            android:name="com.google.mlkit.common.internal.MlKitComponentDiscoveryService"
127-->[com.google.android.gms:play-services-mlkit-barcode-scanning:18.1.0] AndroidManifest.xml:10:13-91
128            android:directBootAware="true"
128-->[com.google.mlkit:common:18.6.0] AndroidManifest.xml:17:13-43
129            android:exported="false" >
129-->[com.google.android.gms:play-services-mlkit-barcode-scanning:18.1.0] AndroidManifest.xml:11:13-37
130            <meta-data
130-->[com.google.android.gms:play-services-mlkit-barcode-scanning:18.1.0] AndroidManifest.xml:12:13-14:85
131                android:name="com.google.firebase.components:com.google.mlkit.vision.barcode.internal.BarcodeRegistrar"
131-->[com.google.android.gms:play-services-mlkit-barcode-scanning:18.1.0] AndroidManifest.xml:13:17-120
132                android:value="com.google.firebase.components.ComponentRegistrar" />
132-->[com.google.android.gms:play-services-mlkit-barcode-scanning:18.1.0] AndroidManifest.xml:14:17-82
133            <meta-data
133-->[com.google.mlkit:vision-common:17.3.0] AndroidManifest.xml:12:13-14:85
134                android:name="com.google.firebase.components:com.google.mlkit.vision.common.internal.VisionCommonRegistrar"
134-->[com.google.mlkit:vision-common:17.3.0] AndroidManifest.xml:13:17-124
135                android:value="com.google.firebase.components.ComponentRegistrar" />
135-->[com.google.mlkit:vision-common:17.3.0] AndroidManifest.xml:14:17-82
136            <meta-data
136-->[com.google.mlkit:common:18.6.0] AndroidManifest.xml:20:13-22:85
137                android:name="com.google.firebase.components:com.google.mlkit.common.internal.CommonComponentRegistrar"
137-->[com.google.mlkit:common:18.6.0] AndroidManifest.xml:21:17-120
138                android:value="com.google.firebase.components.ComponentRegistrar" />
138-->[com.google.mlkit:common:18.6.0] AndroidManifest.xml:22:17-82
139        </service>
140
141        <provider
141-->[com.google.mlkit:common:18.6.0] AndroidManifest.xml:9:9-13:38
142            android:name="com.google.mlkit.common.internal.MlKitInitProvider"
142-->[com.google.mlkit:common:18.6.0] AndroidManifest.xml:10:13-78
143            android:authorities="com.example.myapplication.mlkitinitprovider"
143-->[com.google.mlkit:common:18.6.0] AndroidManifest.xml:11:13-69
144            android:exported="false"
144-->[com.google.mlkit:common:18.6.0] AndroidManifest.xml:12:13-37
145            android:initOrder="99" />
145-->[com.google.mlkit:common:18.6.0] AndroidManifest.xml:13:13-35
146
147        <activity
147-->[com.google.android.gms:play-services-base:18.1.0] AndroidManifest.xml:20:9-22:45
148            android:name="com.google.android.gms.common.api.GoogleApiActivity"
148-->[com.google.android.gms:play-services-base:18.1.0] AndroidManifest.xml:20:19-85
149            android:exported="false"
149-->[com.google.android.gms:play-services-base:18.1.0] AndroidManifest.xml:22:19-43
150            android:theme="@android:style/Theme.Translucent.NoTitleBar" />
150-->[com.google.android.gms:play-services-base:18.1.0] AndroidManifest.xml:21:19-78
151
152        <provider
152-->[com.google.firebase:firebase-common:21.0.0] AndroidManifest.xml:23:9-28:39
153            android:name="com.google.firebase.provider.FirebaseInitProvider"
153-->[com.google.firebase:firebase-common:21.0.0] AndroidManifest.xml:24:13-77
154            android:authorities="com.example.myapplication.firebaseinitprovider"
154-->[com.google.firebase:firebase-common:21.0.0] AndroidManifest.xml:25:13-72
155            android:directBootAware="true"
155-->[com.google.firebase:firebase-common:21.0.0] AndroidManifest.xml:26:13-43
156            android:exported="false"
156-->[com.google.firebase:firebase-common:21.0.0] AndroidManifest.xml:27:13-37
157            android:initOrder="100" />
157-->[com.google.firebase:firebase-common:21.0.0] AndroidManifest.xml:28:13-36
158
159        <service
159-->[androidx.camera:camera-camera2:1.2.1] AndroidManifest.xml:24:9-33:19
160            android:name="androidx.camera.core.impl.MetadataHolderService"
160-->[androidx.camera:camera-camera2:1.2.1] AndroidManifest.xml:25:13-75
161            android:enabled="false"
161-->[androidx.camera:camera-camera2:1.2.1] AndroidManifest.xml:26:13-36
162            android:exported="false" >
162-->[androidx.camera:camera-camera2:1.2.1] AndroidManifest.xml:27:13-37
163            <meta-data
163-->[androidx.camera:camera-camera2:1.2.1] AndroidManifest.xml:30:13-32:89
164                android:name="androidx.camera.core.impl.MetadataHolderService.DEFAULT_CONFIG_PROVIDER"
164-->[androidx.camera:camera-camera2:1.2.1] AndroidManifest.xml:31:17-103
165                android:value="androidx.camera.camera2.Camera2Config$DefaultProvider" />
165-->[androidx.camera:camera-camera2:1.2.1] AndroidManifest.xml:32:17-86
166        </service>
167
168        <provider
168-->[androidx.emoji2:emoji2:1.3.0] AndroidManifest.xml:24:9-32:20
169            android:name="androidx.startup.InitializationProvider"
169-->[androidx.emoji2:emoji2:1.3.0] AndroidManifest.xml:25:13-67
170            android:authorities="com.example.myapplication.androidx-startup"
170-->[androidx.emoji2:emoji2:1.3.0] AndroidManifest.xml:26:13-68
171            android:exported="false" >
171-->[androidx.emoji2:emoji2:1.3.0] AndroidManifest.xml:27:13-37
172            <meta-data
172-->[androidx.emoji2:emoji2:1.3.0] AndroidManifest.xml:29:13-31:52
173                android:name="androidx.emoji2.text.EmojiCompatInitializer"
173-->[androidx.emoji2:emoji2:1.3.0] AndroidManifest.xml:30:17-75
174                android:value="androidx.startup" />
174-->[androidx.emoji2:emoji2:1.3.0] AndroidManifest.xml:31:17-49
175            <meta-data
175-->[androidx.lifecycle:lifecycle-process:2.6.2] AndroidManifest.xml:29:13-31:52
176                android:name="androidx.lifecycle.ProcessLifecycleInitializer"
176-->[androidx.lifecycle:lifecycle-process:2.6.2] AndroidManifest.xml:30:17-78
177                android:value="androidx.startup" />
177-->[androidx.lifecycle:lifecycle-process:2.6.2] AndroidManifest.xml:31:17-49
178            <meta-data
178-->[androidx.profileinstaller:profileinstaller:1.3.1] AndroidManifest.xml:29:13-31:52
179                android:name="androidx.profileinstaller.ProfileInstallerInitializer"
179-->[androidx.profileinstaller:profileinstaller:1.3.1] AndroidManifest.xml:30:17-85
180                android:value="androidx.startup" />
180-->[androidx.profileinstaller:profileinstaller:1.3.1] AndroidManifest.xml:31:17-49
181        </provider>
182
183        <uses-library
183-->[androidx.window:window:1.0.0] AndroidManifest.xml:25:9-27:40
184            android:name="androidx.window.extensions"
184-->[androidx.window:window:1.0.0] AndroidManifest.xml:26:13-54
185            android:required="false" />
185-->[androidx.window:window:1.0.0] AndroidManifest.xml:27:13-37
186        <uses-library
186-->[androidx.window:window:1.0.0] AndroidManifest.xml:28:9-30:40
187            android:name="androidx.window.sidecar"
187-->[androidx.window:window:1.0.0] AndroidManifest.xml:29:13-51
188            android:required="false" />
188-->[androidx.window:window:1.0.0] AndroidManifest.xml:30:13-37
189
190        <meta-data
190-->[com.google.android.gms:play-services-basement:18.3.0] AndroidManifest.xml:21:9-23:69
191            android:name="com.google.android.gms.version"
191-->[com.google.android.gms:play-services-basement:18.3.0] AndroidManifest.xml:22:13-58
192            android:value="@integer/google_play_services_version" />
192-->[com.google.android.gms:play-services-basement:18.3.0] AndroidManifest.xml:23:13-66
193
194        <activity
194-->[com.journeyapps:zxing-android-embedded:4.3.0] AndroidManifest.xml:47:9-53:63
195            android:name="com.journeyapps.barcodescanner.CaptureActivity"
195-->[com.journeyapps:zxing-android-embedded:4.3.0] AndroidManifest.xml:48:13-74
196            android:clearTaskOnLaunch="true"
196-->[com.journeyapps:zxing-android-embedded:4.3.0] AndroidManifest.xml:49:13-45
197            android:screenOrientation="sensorLandscape"
197-->[com.journeyapps:zxing-android-embedded:4.3.0] AndroidManifest.xml:50:13-56
198            android:stateNotNeeded="true"
198-->[com.journeyapps:zxing-android-embedded:4.3.0] AndroidManifest.xml:51:13-42
199            android:theme="@style/zxing_CaptureTheme"
199-->[com.journeyapps:zxing-android-embedded:4.3.0] AndroidManifest.xml:52:13-54
200            android:windowSoftInputMode="stateAlwaysHidden" />
200-->[com.journeyapps:zxing-android-embedded:4.3.0] AndroidManifest.xml:53:13-60
201
202        <receiver
202-->[androidx.profileinstaller:profileinstaller:1.3.1] AndroidManifest.xml:34:9-52:20
203            android:name="androidx.profileinstaller.ProfileInstallReceiver"
203-->[androidx.profileinstaller:profileinstaller:1.3.1] AndroidManifest.xml:35:13-76
204            android:directBootAware="false"
204-->[androidx.profileinstaller:profileinstaller:1.3.1] AndroidManifest.xml:36:13-44
205            android:enabled="true"
205-->[androidx.profileinstaller:profileinstaller:1.3.1] AndroidManifest.xml:37:13-35
206            android:exported="true"
206-->[androidx.profileinstaller:profileinstaller:1.3.1] AndroidManifest.xml:38:13-36
207            android:permission="android.permission.DUMP" >
207-->[androidx.profileinstaller:profileinstaller:1.3.1] AndroidManifest.xml:39:13-57
208            <intent-filter>
208-->[androidx.profileinstaller:profileinstaller:1.3.1] AndroidManifest.xml:40:13-42:29
209                <action android:name="androidx.profileinstaller.action.INSTALL_PROFILE" />
209-->[androidx.profileinstaller:profileinstaller:1.3.1] AndroidManifest.xml:41:17-91
209-->[androidx.profileinstaller:profileinstaller:1.3.1] AndroidManifest.xml:41:25-88
210            </intent-filter>
211            <intent-filter>
211-->[androidx.profileinstaller:profileinstaller:1.3.1] AndroidManifest.xml:43:13-45:29
212                <action android:name="androidx.profileinstaller.action.SKIP_FILE" />
212-->[androidx.profileinstaller:profileinstaller:1.3.1] AndroidManifest.xml:44:17-85
212-->[androidx.profileinstaller:profileinstaller:1.3.1] AndroidManifest.xml:44:25-82
213            </intent-filter>
214            <intent-filter>
214-->[androidx.profileinstaller:profileinstaller:1.3.1] AndroidManifest.xml:46:13-48:29
215                <action android:name="androidx.profileinstaller.action.SAVE_PROFILE" />
215-->[androidx.profileinstaller:profileinstaller:1.3.1] AndroidManifest.xml:47:17-88
215-->[androidx.profileinstaller:profileinstaller:1.3.1] AndroidManifest.xml:47:25-85
216            </intent-filter>
217            <intent-filter>
217-->[androidx.profileinstaller:profileinstaller:1.3.1] AndroidManifest.xml:49:13-51:29
218                <action android:name="androidx.profileinstaller.action.BENCHMARK_OPERATION" />
218-->[androidx.profileinstaller:profileinstaller:1.3.1] AndroidManifest.xml:50:17-95
218-->[androidx.profileinstaller:profileinstaller:1.3.1] AndroidManifest.xml:50:25-92
219            </intent-filter>
220        </receiver>
221
222        <service
222-->[com.google.android.datatransport:transport-backend-cct:2.3.3] AndroidManifest.xml:29:9-35:19
223            android:name="com.google.android.datatransport.runtime.backends.TransportBackendDiscovery"
223-->[com.google.android.datatransport:transport-backend-cct:2.3.3] AndroidManifest.xml:30:13-103
224            android:exported="false" >
224-->[com.google.android.datatransport:transport-backend-cct:2.3.3] AndroidManifest.xml:31:13-37
225            <meta-data
225-->[com.google.android.datatransport:transport-backend-cct:2.3.3] AndroidManifest.xml:32:13-34:39
226                android:name="backend:com.google.android.datatransport.cct.CctBackendFactory"
226-->[com.google.android.datatransport:transport-backend-cct:2.3.3] AndroidManifest.xml:33:17-94
227                android:value="cct" />
227-->[com.google.android.datatransport:transport-backend-cct:2.3.3] AndroidManifest.xml:34:17-36
228        </service>
229        <service
229-->[com.google.android.datatransport:transport-runtime:2.2.6] AndroidManifest.xml:26:9-30:19
230            android:name="com.google.android.datatransport.runtime.scheduling.jobscheduling.JobInfoSchedulerService"
230-->[com.google.android.datatransport:transport-runtime:2.2.6] AndroidManifest.xml:27:13-117
231            android:exported="false"
231-->[com.google.android.datatransport:transport-runtime:2.2.6] AndroidManifest.xml:28:13-37
232            android:permission="android.permission.BIND_JOB_SERVICE" >
232-->[com.google.android.datatransport:transport-runtime:2.2.6] AndroidManifest.xml:29:13-69
233        </service>
234
235        <receiver
235-->[com.google.android.datatransport:transport-runtime:2.2.6] AndroidManifest.xml:32:9-34:40
236            android:name="com.google.android.datatransport.runtime.scheduling.jobscheduling.AlarmManagerSchedulerBroadcastReceiver"
236-->[com.google.android.datatransport:transport-runtime:2.2.6] AndroidManifest.xml:33:13-132
237            android:exported="false" />
237-->[com.google.android.datatransport:transport-runtime:2.2.6] AndroidManifest.xml:34:13-37
238    </application>
239
240</manifest>